<?xml version="1.0" encoding="UTF-8"?>
<coverage generated="1693303549162" clover="3.2.0">
  <project timestamp="1693303549163" name="All files">
    <metrics statements="21" coveredstatements="21" conditionals="3" coveredconditionals="3" methods="7" coveredmethods="5" elements="31" coveredelements="29" complexity="0" loc="21" ncloc="21" packages="1" files="1" classes="1"/>
    <file name="command-manager.ts" path="/Users/maxim.ku/projects/chameleon/packages/engine/src/command-manager.ts">
      <metrics statements="21" coveredstatements="21" conditionals="3" coveredconditionals="3" methods="7" coveredmethods="5"/>
      <line num="8" count="1" type="stmt"/>
      <line num="13" count="1" type="stmt"/>
      <line num="14" count="6" type="stmt"/>
      <line num="15" count="6" type="stmt"/>
      <line num="17" count="6" type="stmt"/>
      <line num="18" count="7" type="stmt"/>
      <line num="21" count="6" type="stmt"/>
      <line num="22" count="8" type="cond" truecount="1" falsecount="0"/>
      <line num="23" count="1" type="stmt"/>
      <line num="26" count="8" type="stmt"/>
      <line num="27" count="8" type="stmt"/>
      <line num="29" count="8" type="stmt"/>
      <line num="32" count="6" type="stmt"/>
      <line num="33" count="3" type="cond" truecount="1" falsecount="0"/>
      <line num="34" count="1" type="stmt"/>
      <line num="35" count="1" type="stmt"/>
      <line num="39" count="6" type="stmt"/>
      <line num="40" count="5" type="cond" truecount="1" falsecount="0"/>
      <line num="41" count="4" type="stmt"/>
      <line num="42" count="4" type="stmt"/>
      <line num="46" count="6" type="stmt"/>
    </file>
  </project>
</coverage>
