TN:
SF:src/command-manager.ts
FN:9,(anonymous_0)
FN:10,(anonymous_1)
FN:13,createCommandManager
FN:17,(anonymous_3)
FN:21,(anonymous_4)
FN:32,(anonymous_5)
FN:39,(anonymous_6)
FNF:7
FNH:5
FNDA:0,(anonymous_0)
FNDA:0,(anonymous_1)
FNDA:6,createCommandManager
FNDA:7,(anonymous_3)
FNDA:8,(anonymous_4)
FNDA:3,(anonymous_5)
FNDA:5,(anonymous_6)
DA:8,1
DA:13,1
DA:14,6
DA:15,6
DA:17,6
DA:18,7
DA:21,6
DA:22,8
DA:23,1
DA:26,8
DA:27,8
DA:29,8
DA:32,6
DA:33,3
DA:34,1
DA:35,1
DA:39,6
DA:40,5
DA:41,4
DA:42,4
DA:46,6
LF:21
LH:21
BRDA:22,0,0,1
BRDA:33,1,0,1
BRDA:40,2,0,4
BRF:3
BRH:3
end_of_record
